<?xml version="1.0" encoding="UTF-8"?>
<testsuite xmlns:xsi="http://www.w3.org/2001/XMLSchema-instance" xsi:noNamespaceSchemaLocation="https://maven.apache.org/surefire/maven-surefire-plugin/xsd/surefire-test-report-3.0.xsd" version="3.0" name="cypherpass.AppTest" time="0.074" tests="1" errors="0" skipped="0" failures="0">
  <properties>
    <property name="java.specification.version" value="23"/>
    <property name="sun.cpu.isalist" value="amd64"/>
    <property name="sun.jnu.encoding" value="Cp1252"/>
    <property name="java.class.path" value="C:\Users\Utilisateur\Documents\clement\programming\Java\CypherPass\cypherpass\target\test-classes;C:\Users\Utilisateur\Documents\clement\programming\Java\CypherPass\cypherpass\target\classes;C:\Users\Utilisateur\.m2\repository\junit\junit\4.13.2\junit-4.13.2.jar;C:\Users\Utilisateur\.m2\repository\org\hamcrest\hamcrest-core\1.3\hamcrest-core-1.3.jar;C:\Users\Utilisateur\.m2\repository\org\xerial\sqlite-jdbc\3.41.2.1\sqlite-jdbc-3.41.2.1.jar;C:\Users\Utilisateur\.m2\repository\org\openjfx\javafx-controls\19\javafx-controls-19.jar;C:\Users\Utilisateur\.m2\repository\org\openjfx\javafx-controls\19\javafx-controls-19-win.jar;C:\Users\Utilisateur\.m2\repository\org\openjfx\javafx-graphics\19\javafx-graphics-19.jar;C:\Users\Utilisateur\.m2\repository\org\openjfx\javafx-graphics\19\javafx-graphics-19-win.jar;C:\Users\Utilisateur\.m2\repository\org\openjfx\javafx-base\19\javafx-base-19.jar;C:\Users\Utilisateur\.m2\repository\org\openjfx\javafx-base\19\javafx-base-19-win.jar;C:\Users\Utilisateur\.m2\repository\org\openjfx\javafx-fxml\19\javafx-fxml-19.jar;C:\Users\Utilisateur\.m2\repository\org\openjfx\javafx-fxml\19\javafx-fxml-19-win.jar;C:\Users\Utilisateur\.m2\repository\commons-codec\commons-codec\1.15\commons-codec-1.15.jar;C:\Users\Utilisateur\.m2\repository\org\apache\logging\log4j\log4j-api\2.20.0\log4j-api-2.20.0.jar;C:\Users\Utilisateur\.m2\repository\org\apache\logging\log4j\log4j-core\2.20.0\log4j-core-2.20.0.jar;"/>
    <property name="java.vm.vendor" value="Oracle Corporation"/>
    <property name="sun.arch.data.model" value="64"/>
    <property name="user.variant" value=""/>
    <property name="java.vendor.url" value="https://java.oracle.com/"/>
    <property name="user.timezone" value="Europe/Paris"/>
    <property name="os.name" value="Windows 10"/>
    <property name="java.vm.specification.version" value="23"/>
    <property name="sun.java.launcher" value="SUN_STANDARD"/>
    <property name="user.country" value="FR"/>
    <property name="sun.boot.library.path" value="C:\Program Files\Java\jdk-23\bin"/>
    <property name="sun.java.command" value="C:\Users\Utilisateur\AppData\Local\Temp\surefire8629499810995839026\surefirebooter-20250113223612672_3.jar C:\Users\Utilisateur\AppData\Local\Temp\surefire8629499810995839026 2025-01-13T22-36-12_471-jvmRun1 surefire-20250113223612672_1tmp surefire_0-20250113223612672_2tmp"/>
    <property name="jdk.debug" value="release"/>
    <property name="surefire.test.class.path" value="C:\Users\Utilisateur\Documents\clement\programming\Java\CypherPass\cypherpass\target\test-classes;C:\Users\Utilisateur\Documents\clement\programming\Java\CypherPass\cypherpass\target\classes;C:\Users\Utilisateur\.m2\repository\junit\junit\4.13.2\junit-4.13.2.jar;C:\Users\Utilisateur\.m2\repository\org\hamcrest\hamcrest-core\1.3\hamcrest-core-1.3.jar;C:\Users\Utilisateur\.m2\repository\org\xerial\sqlite-jdbc\3.41.2.1\sqlite-jdbc-3.41.2.1.jar;C:\Users\Utilisateur\.m2\repository\org\openjfx\javafx-controls\19\javafx-controls-19.jar;C:\Users\Utilisateur\.m2\repository\org\openjfx\javafx-controls\19\javafx-controls-19-win.jar;C:\Users\Utilisateur\.m2\repository\org\openjfx\javafx-graphics\19\javafx-graphics-19.jar;C:\Users\Utilisateur\.m2\repository\org\openjfx\javafx-graphics\19\javafx-graphics-19-win.jar;C:\Users\Utilisateur\.m2\repository\org\openjfx\javafx-base\19\javafx-base-19.jar;C:\Users\Utilisateur\.m2\repository\org\openjfx\javafx-base\19\javafx-base-19-win.jar;C:\Users\Utilisateur\.m2\repository\org\openjfx\javafx-fxml\19\javafx-fxml-19.jar;C:\Users\Utilisateur\.m2\repository\org\openjfx\javafx-fxml\19\javafx-fxml-19-win.jar;C:\Users\Utilisateur\.m2\repository\commons-codec\commons-codec\1.15\commons-codec-1.15.jar;C:\Users\Utilisateur\.m2\repository\org\apache\logging\log4j\log4j-api\2.20.0\log4j-api-2.20.0.jar;C:\Users\Utilisateur\.m2\repository\org\apache\logging\log4j\log4j-core\2.20.0\log4j-core-2.20.0.jar;"/>
    <property name="sun.cpu.endian" value="little"/>
    <property name="user.home" value="C:\Users\Utilisateur"/>
    <property name="user.language" value="fr"/>
    <property name="java.specification.vendor" value="Oracle Corporation"/>
    <property name="java.version.date" value="2024-10-15"/>
    <property name="java.home" value="C:\Program Files\Java\jdk-23"/>
    <property name="file.separator" value="\"/>
    <property name="basedir" value="C:\Users\Utilisateur\Documents\clement\programming\Java\CypherPass\cypherpass"/>
    <property name="java.vm.compressedOopsMode" value="Zero based"/>
    <property name="line.separator" value="&#10;"/>
    <property name="java.vm.specification.vendor" value="Oracle Corporation"/>
    <property name="java.specification.name" value="Java Platform API Specification"/>
    <property name="surefire.real.class.path" value="C:\Users\Utilisateur\AppData\Local\Temp\surefire8629499810995839026\surefirebooter-20250113223612672_3.jar"/>
    <property name="user.script" value=""/>
    <property name="sun.management.compiler" value="HotSpot 64-Bit Tiered Compilers"/>
    <property name="java.runtime.version" value="23.0.1+11-39"/>
    <property name="user.name" value="Utilisateur"/>
    <property name="stdout.encoding" value="Cp1252"/>
    <property name="path.separator" value=";"/>
    <property name="os.version" value="10.0"/>
    <property name="java.runtime.name" value="Java(TM) SE Runtime Environment"/>
    <property name="file.encoding" value="UTF-8"/>
    <property name="java.vm.name" value="Java HotSpot(TM) 64-Bit Server VM"/>
    <property name="localRepository" value="C:\Users\Utilisateur\.m2\repository"/>
    <property name="java.vendor.url.bug" value="https://bugreport.java.com/bugreport/"/>
    <property name="java.io.tmpdir" value="C:\Users\UTILIS~1\AppData\Local\Temp\"/>
    <property name="java.version" value="23.0.1"/>
    <property name="user.dir" value="C:\Users\Utilisateur\Documents\clement\programming\Java\CypherPass\cypherpass"/>
    <property name="os.arch" value="amd64"/>
    <property name="java.vm.specification.name" value="Java Virtual Machine Specification"/>
    <property name="sun.os.patch.level" value=""/>
    <property name="native.encoding" value="Cp1252"/>
    <property name="java.library.path" value="C:\Program Files\Java\jdk-23\bin;C:\WINDOWS\Sun\Java\bin;C:\WINDOWS\system32;C:\WINDOWS;C:\Program Files\Common Files\Oracle\Java\javapath;C:\Program Files (x86)\Common Files\Oracle\Java\javapath;C:\Windows\System32;C:\Program Files\dotnet\;C:\Program Files\Git\cmd;C:\Program Files\Topaz Labs LLC\Topaz Gigapixel AI\bin\;C:\Users\Utilisateur\AppData\Local\Programs\Python\Launcher\;C:\Users\Utilisateur\AppData\Local\Microsoft\WindowsApps;C:\Program Files\NVIDIA GPU Computing Toolkit\CUDA\v11.8\libnvvp;C:\Program Files\NVIDIA GPU Computing Toolkit\CUDA\v11.8\bin;C:\Program Files\cudnn-windows-x86_64-8.6.0.163_cuda11-archive\cudnn-windows-x86_64-8.6.0.163_cuda11-archive\bin;C:\Users\Utilisateur\AppData\Local\Programs\Microsoft VS Code\bin;C:\ffmpeg\bin;C:\Users\Utilisateur\AppData\Local\Programs\Ollama;C:\Windows\System32;C:\Windows;C:\Windows\System32\Wbem;C:\Windows\System32\WindowsPowerShell\v1.0\;C:\Windows\System32\OpenSSH\;C:\Program Files\NASM;C:\mingw32\bin;C:\mkisofs;C:\Program Files\Oracle\VirtualBox;C:\Program Files\qemu;C:\Program Files\Bochs-2.8;C:\Users\Utilisateur\.dotnet\tools;C:\PortableGit;C:\Users\Utilisateur\AppData\Local\Programs\Python\Python312;C:\Users\Utilisateur\AppData\Local\Programs\Python\Python312\Scripts;C:\Users\Utilisateur\AppData\Local\Microsoft\WindowsApps\;C:\Users\Utilisateur\AppData\Local\Programs\Python\Python312\;C:\Users\Utilisateur\AppData\Local\Programs\Python\Python312\Scripts;C:\Users\Utilisateur\AppData\Local\Packages\PythonSoftwareFoundation.Python.3.12_qbz5n2kfra8p0\LocalCache\local-packages\Python312\Scripts;C:\Program Files (x86)\Java\jre7\bin;C:\Users\Utilisateur\Documents\clement\programming\Java\apache-maven-3.9.9-bin\apache-maven-3.9.9\bin;C:\Users\Utilisateur\AppData\Local\GitHubDesktop\bin;c:\Users\Utilisateur\AppData\Roaming\Code\User\globalStorage\github.copilot-chat\debugCommand;."/>
    <property name="java.vm.info" value="mixed mode, sharing"/>
    <property name="stderr.encoding" value="Cp1252"/>
    <property name="java.vendor" value="Oracle Corporation"/>
    <property name="java.vm.version" value="23.0.1+11-39"/>
    <property name="sun.io.unicode.encoding" value="UnicodeLittle"/>
    <property name="java.class.version" value="67.0"/>
  </properties>
  <testcase name="shouldAnswerWithTrue" classname="cypherpass.AppTest" time="0.003"/>
</testsuite>